Ôû▓ Next.js 16.1.6 (webpack)
- Environments: .env.local

npx : ÔÜá The 
"middleware" file 
convention is 
deprecated. Please 
use "proxy" instead. 
Learn more: https://ne
xtjs.org/docs/messages
/middleware-to-proxy
En línea: 1 Carácter: 
1
+ npx next build 
--webpack 2>&1 | 
Out-File -Encoding 
utf8 -FilePath bui ...
+ ~~~~~~~~~~~~~~~~~~~~
~~~~~~~~~
    + CategoryInfo    
          : NotSpeci  
  fied: (ÔÜá The "m   
 iddle...leware-to    
-proxy:String) []    
, RemoteException
    + FullyQualifiedE 
   rrorId : NativeCo  
  mmandError
 
  Creating an optimized production build ...
> [PWA] Compile server
> [PWA] Compile server
> [PWA] Compile client (static)
> [PWA] Auto register service worker with: C:\Proyectos\Antigravity\Manejate\node_modules\next-pwa\register.js
> [PWA] Service worker: C:\Proyectos\Antigravity\Manejate\public\sw.js
> [PWA]   url: /sw.js
> [PWA]   scope: /
Ô£ô Compiled successfully in 20.4s
  Running TypeScript ...
  Collecting page data using 3 workers ...
  Generating static pages using 3 workers (0/16) ...
  Generating static pages using 3 workers (4/16) 
  Generating static pages using 3 workers (8/16) 
  Generating static pages using 3 workers (12/16) 
Ô£ô Generating static pages using 3 workers (16/16) in 1069.4ms
  Finalizing page optimization ...
  Collecting build traces ...

Route (app)
Ôöî ãÆ /
Ôö£ Ôùï /_not-found
Ôö£ ãÆ /auth/callback
Ôö£ ãÆ /budget
Ôö£ ãÆ /budget/categories/new
Ôö£ Ôùï /budgets/new
Ôö£ ãÆ /goals
Ôö£ ãÆ /goals/[id]/edit
Ôö£ ãÆ /goals/new
Ôö£ ãÆ /join/[token]
Ôö£ ãÆ /login
Ôö£ ãÆ /login/forgot-password
Ôö£ Ôùï /notifications
Ôö£ ãÆ /profile
Ôö£ ãÆ /settings
Ôö£ ãÆ /transactions
Ôö£ ãÆ /transactions/[id]/edit
Ôöö ãÆ /transactions/new


ãÆ Proxy (Middleware)

Ôùï  (Static)   prerendered as static content
ãÆ  (Dynamic)  server-rendered on demand

